<?xml version="1.0" encoding="UTF-8"?>
<!-- Generated by org.testng.reporters.JUnitXMLReporter -->
<testsuite hostname="DESKTOP-G4UR0GP" ignored="1" name="Default test" tests="2" failures="0" timestamp="08 Jan 2021 04:57:20 GMT" time="0.032" errors="0">
  <testcase name="test1" time="0.008" classname="org.sample.SampleTestNG"/>
  <testcase name="test3" time="0.008" classname="org.sample.SampleTestNG"/>
  <testcase name="test2" time="0.0" classname="org.sample.SampleTestNG">
    <ignored/>
  </testcase> <!-- test2 -->
</testsuite> <!-- Default test -->
