<?xml version="1.0" encoding="UTF-8"?>
<!-- Generated by org.testng.reporters.JUnitXMLReporter -->
<testsuite hostname="DESKTOP-G4UR0GP" ignored="0" name="Test" tests="3" failures="0" timestamp="05 Jan 2021 16:31:50 GMT" time="0.049" errors="0">
  <testcase name="test1" time="0.008" classname="org.sample.SampleTestNG"/>
  <testcase name="test2" time="0.001" classname="org.sample.SampleTestNG"/>
  <testcase name="test3" time="0.001" classname="org.sample.SampleTestNG"/>
</testsuite> <!-- Test -->
