<?xml version="1.0" encoding="UTF-8"?>
<testng-results skipped="0" failed="0" ignored="1" total="3" passed="2">
  <reporter-output>
  </reporter-output>
  <suite name="Default suite" duration-ms="32" started-at="2021-01-08T04:57:20Z" finished-at="2021-01-08T04:57:20Z">
    <groups>
    </groups>
    <test name="Default test" duration-ms="32" started-at="2021-01-08T04:57:20Z" finished-at="2021-01-08T04:57:20Z">
      <class name="org.sample.SampleTestNG">
        <test-method status="PASS" signature="test1()[pri:-2, instance:org.sample.SampleTestNG@6cc4c815]" name="test1" duration-ms="8" started-at="2021-01-08T04:57:20Z" finished-at="2021-01-08T04:57:20Z">
          <reporter-output>
          </reporter-output>
        </test-method> <!-- test1 -->
        <test-method status="PASS" signature="test3()[pri:-1, instance:org.sample.SampleTestNG@6cc4c815]" name="test3" duration-ms="8" started-at="2021-01-08T04:57:20Z" finished-at="2021-01-08T04:57:20Z">
          <reporter-output>
          </reporter-output>
        </test-method> <!-- test3 -->
      </class> <!-- org.sample.SampleTestNG -->
    </test> <!-- Default test -->
  </suite> <!-- Default suite -->
</testng-results>
